object Test {

  trait T extends Any

  implicit case class A(value: Int) extends AnyVal with T

  object A
}

Gives

[error] uncaught exception during compilation: java.lang.AssertionError
[trace] Stack trace suppressed: run 'last compile:compile' for the full output.
[error] (compile:compile) java.lang.AssertionError: assertion failed: List(object A, object A)
[error] Total time: 0 s, completed 31-Oct-2012 12:31:10

Instead of the expected error about combining implicit and case.