Trying to build with SBT (0.13.5) a Scala 2.11.6 project using the ReactiveMongo snapshot as dependency, I get the following 'weird' build error.

```
# sbt ';clean ;compile'
    ...
    [info] Compiling 1 Scala source to /private/tmp/sbt-testcase-20150501/target/scala-2.11/classes...
    java.lang.AssertionError: assertion failed: mkAttributedQualifier(_1.type, <none>)
    	at scala.reflect.internal.TreeGen.mkAttributedQualifier(TreeGen.scala:89)
    	at scala.reflect.internal.TreeGen.mkAttributedQualifier(TreeGen.scala:62)
    	at scala.reflect.internal.TreeGen.mkAttributedRef(TreeGen.scala:122)
    	at scala.reflect.internal.TreeGen.mkAttributedStableRef(TreeGen.scala:161)
    	at scala.reflect.internal.TreeGen.mkAttributedQualifier(TreeGen.scala:79)
    	at scala.reflect.internal.TreeGen.mkAttributedQualifier(TreeGen.scala:62)
    	at scala.reflect.internal.TreeGen.mkAttributedRef(TreeGen.scala:122)
    	at scala.reflect.internal.TreeGen.mkAttributedStableRef(TreeGen.scala:161)
    	at scala.reflect.internal.TreeGen.mkAttributedQualifier(TreeGen.scala:79)
    	at scala.reflect.internal.TreeGen.mkAttributedQualifier(TreeGen.scala:62)
    	at scala.tools.nsc.typechecker.Implicits$ImplicitSearch.typedImplicit1(Implicits.scala:600)
    	at scala.tools.nsc.typechecker.Implicits$ImplicitSearch.typedImplicit0(Implicits.scala:582)
    	at scala.tools.nsc.typechecker.Implicits$ImplicitSearch.scala$tools$nsc$typechecker$Implicits$ImplicitSearch$$typedImplicit(Implicits.scala:451)
    	at scala.tools.nsc.typechecker.Implicits$ImplicitSearch$ImplicitComputation.rankImplicits(Implicits.scala:901)
    	at scala.tools.nsc.typechecker.Implicits$ImplicitSearch$ImplicitComputation.findBest(Implicits.scala:929)
    	at scala.tools.nsc.typechecker.Implicits$ImplicitSearch.searchImplicit(Implicits.scala:986)
    	at scala.tools.nsc.typechecker.Implicits$ImplicitSearch.bestImplicit(Implicits.scala:1375)
    	at scala.tools.nsc.typechecker.Implicits$class.inferImplicit(Implicits.scala:73)
    	at scala.tools.nsc.Global$$anon$1.inferImplicit(Global.scala:463)
    	at scala.tools.nsc.typechecker.Implicits$class.inferImplicit(Implicits.scala:38)
    	at scala.tools.nsc.Global$$anon$1.inferImplicit(Global.scala:463)
    	at scala.tools.nsc.typechecker.Typers$Typer.applyImplicitArgs(Typers.scala:149)
    	at scala.tools.nsc.typechecker.Typers$Typer$$anonfun$adaptToImplicitMethod$1$1$$anonfun$apply$5.apply(Typers.scala:826)
    	at scala.tools.nsc.typechecker.Typers$Typer$$anonfun$adaptToImplicitMethod$1$1$$anonfun$apply$5.apply(Typers.scala:825)
    	at scala.tools.nsc.typechecker.Typers$Typer.silent(Typers.scala:680)
    	at scala.tools.nsc.typechecker.Typers$Typer.adaptToImplicitMethod$1(Typers.scala:823)
    	at scala.tools.nsc.typechecker.Typers$Typer.adapt(Typers.scala:1162)
    	at scala.tools.nsc.typechecker.Typers$Typer.runTyper$1(Typers.scala:5410)
    	at scala.tools.nsc.typechecker.Typers$Typer.scala$tools$nsc$typechecker$Typers$Typer$$typedInternal(Typers.scala:5423)
    	at scala.tools.nsc.typechecker.Typers$Typer.body$2(Typers.scala:5370)
    	at scala.tools.nsc.typechecker.Typers$Typer.typed(Typers.scala:5374)
    	at scala.tools.nsc.typechecker.Typers$Typer.transformedOrTyped(Typers.scala:5605)
    	at scala.tools.nsc.typechecker.Typers$Typer.typedDefDef(Typers.scala:2208)
    	at scala.tools.nsc.typechecker.Typers$Typer.typedMemberDef$1(Typers.scala:5308)
    	at scala.tools.nsc.typechecker.Typers$Typer.typed1(Typers.scala:5359)
    	at scala.tools.nsc.typechecker.Typers$Typer.runTyper$1(Typers.scala:5396)
    	at scala.tools.nsc.typechecker.Typers$Typer.scala$tools$nsc$typechecker$Typers$Typer$$typedInternal(Typers.scala:5423)
    	at scala.tools.nsc.typechecker.Typers$Typer.body$2(Typers.scala:5370)
    	at scala.tools.nsc.typechecker.Typers$Typer.typed(Typers.scala:5374)
    	at scala.tools.nsc.typechecker.Typers$Typer.typedByValueExpr(Typers.scala:5452)
    	at scala.tools.nsc.typechecker.Typers$Typer.scala$tools$nsc$typechecker$Typers$Typer$$typedStat$1(Typers.scala:3046)
    	at scala.tools.nsc.typechecker.Typers$Typer$$anonfun$62.apply(Typers.scala:3150)
    	at scala.tools.nsc.typechecker.Typers$Typer$$anonfun$62.apply(Typers.scala:3150)
    	at scala.collection.immutable.List.loop$1(List.scala:173)
    	at scala.collection.immutable.List.mapConserve(List.scala:189)
    	at scala.tools.nsc.typechecker.Typers$Typer.typedStats(Typers.scala:3150)
    	at scala.tools.nsc.typechecker.Typers$Typer.typedTemplate(Typers.scala:1921)
    	at scala.tools.nsc.typechecker.Typers$Typer.typedClassDef(Typers.scala:1762)
    	at scala.tools.nsc.typechecker.Typers$Typer.typedMemberDef$1(Typers.scala:5309)
    	at scala.tools.nsc.typechecker.Typers$Typer.typed1(Typers.scala:5359)
    	at scala.tools.nsc.typechecker.Typers$Typer.runTyper$1(Typers.scala:5396)
    	at scala.tools.nsc.typechecker.Typers$Typer.scala$tools$nsc$typechecker$Typers$Typer$$typedInternal(Typers.scala:5423)
    	at scala.tools.nsc.typechecker.Typers$Typer.body$2(Typers.scala:5370)
    	at scala.tools.nsc.typechecker.Typers$Typer.typed(Typers.scala:5374)
    	at scala.tools.nsc.typechecker.Typers$Typer.typedByValueExpr(Typers.scala:5452)
    	at scala.tools.nsc.typechecker.Typers$Typer.scala$tools$nsc$typechecker$Typers$Typer$$typedStat$1(Typers.scala:3046)
    	at scala.tools.nsc.typechecker.Typers$Typer$$anonfun$62.apply(Typers.scala:3150)
    	at scala.tools.nsc.typechecker.Typers$Typer$$anonfun$62.apply(Typers.scala:3150)
    	at scala.collection.immutable.List.loop$1(List.scala:173)
    	at scala.collection.immutable.List.mapConserve(List.scala:189)
    	at scala.tools.nsc.typechecker.Typers$Typer.typedStats(Typers.scala:3150)
    	at scala.tools.nsc.typechecker.Typers$Typer.typedPackageDef$1(Typers.scala:5012)
    	at scala.tools.nsc.typechecker.Typers$Typer.typedMemberDef$1(Typers.scala:5312)
    	at scala.tools.nsc.typechecker.Typers$Typer.typed1(Typers.scala:5359)
    	at scala.tools.nsc.typechecker.Typers$Typer.runTyper$1(Typers.scala:5396)
    	at scala.tools.nsc.typechecker.Typers$Typer.scala$tools$nsc$typechecker$Typers$Typer$$typedInternal(Typers.scala:5423)
    	at scala.tools.nsc.typechecker.Typers$Typer.body$2(Typers.scala:5370)
    	at scala.tools.nsc.typechecker.Typers$Typer.typed(Typers.scala:5374)
    	at scala.tools.nsc.typechecker.Typers$Typer.typed(Typers.scala:5448)
    	at scala.tools.nsc.typechecker.Analyzer$typerFactory$$anon$3.apply(Analyzer.scala:102)
    	at scala.tools.nsc.Global$GlobalPhase$$anonfun$applyPhase$1.apply$mcV$sp(Global.scala:441)
    	at scala.tools.nsc.Global$GlobalPhase.withCurrentUnit(Global.scala:432)
    	at scala.tools.nsc.Global$GlobalPhase.applyPhase(Global.scala:441)
    	at scala.tools.nsc.typechecker.Analyzer$typerFactory$$anon$3$$anonfun$run$1.apply(Analyzer.scala:94)
    	at scala.tools.nsc.typechecker.Analyzer$typerFactory$$anon$3$$anonfun$run$1.apply(Analyzer.scala:93)
    	at scala.collection.Iterator$class.foreach(Iterator.scala:750)
    	at scala.collection.AbstractIterator.foreach(Iterator.scala:1202)
    	at scala.tools.nsc.typechecker.Analyzer$typerFactory$$anon$3.run(Analyzer.scala:93)
    	at scala.tools.nsc.Global$Run.compileUnitsInternal(Global.scala:1500)
    	at scala.tools.nsc.Global$Run.compileUnits(Global.scala:1487)
    	at scala.tools.nsc.Global$Run.compileSources(Global.scala:1482)
    	at scala.tools.nsc.Global$Run.compile(Global.scala:1580)
    	at xsbt.CachedCompiler0.run(CompilerInterface.scala:123)
    	at xsbt.CachedCompiler0.run(CompilerInterface.scala:99)
    	at xsbt.CompilerInterface.run(CompilerInterface.scala:27)
    	at sun.reflect.NativeMethodAccessorImpl.invoke0(Native Method)
    	at sun.reflect.NativeMethodAccessorImpl.invoke(NativeMethodAccessorImpl.java:62)
    	at sun.reflect.DelegatingMethodAccessorImpl.invoke(DelegatingMethodAccessorImpl.java:43)
    	at java.lang.reflect.Method.invoke(Method.java:483)
    	at sbt.compiler.AnalyzingCompiler.call(AnalyzingCompiler.scala:102)
    	at sbt.compiler.AnalyzingCompiler.compile(AnalyzingCompiler.scala:48)
    	at sbt.compiler.AnalyzingCompiler.compile(AnalyzingCompiler.scala:41)
    	at sbt.compiler.AggressiveCompile$$anonfun$3$$anonfun$compileScala$1$1.apply$mcV$sp(AggressiveCompile.scala:99)
    	at sbt.compiler.AggressiveCompile$$anonfun$3$$anonfun$compileScala$1$1.apply(AggressiveCompile.scala:99)
    	at sbt.compiler.AggressiveCompile$$anonfun$3$$anonfun$compileScala$1$1.apply(AggressiveCompile.scala:99)
    	at sbt.compiler.AggressiveCompile.sbt$compiler$AggressiveCompile$$timed(AggressiveCompile.scala:166)
    	at sbt.compiler.AggressiveCompile$$anonfun$3.compileScala$1(AggressiveCompile.scala:98)
    	at sbt.compiler.AggressiveCompile$$anonfun$3.apply(AggressiveCompile.scala:143)
    	at sbt.compiler.AggressiveCompile$$anonfun$3.apply(AggressiveCompile.scala:87)
    	at sbt.inc.IncrementalCompile$$anonfun$doCompile$1.apply(Compile.scala:39)
    	at sbt.inc.IncrementalCompile$$anonfun$doCompile$1.apply(Compile.scala:37)
    	at sbt.inc.IncrementalCommon.cycle(Incremental.scala:99)
    	at sbt.inc.Incremental$$anonfun$1.apply(Incremental.scala:38)
    	at sbt.inc.Incremental$$anonfun$1.apply(Incremental.scala:37)
    	at sbt.inc.Incremental$.manageClassfiles(Incremental.scala:65)
    	at sbt.inc.Incremental$.compile(Incremental.scala:37)
    	at sbt.inc.IncrementalCompile$.apply(Compile.scala:27)
    	at sbt.compiler.AggressiveCompile.compile2(AggressiveCompile.scala:157)
    	at sbt.compiler.AggressiveCompile.compile1(AggressiveCompile.scala:71)
    	at sbt.compiler.AggressiveCompile.apply(AggressiveCompile.scala:46)
    	at sbt.Compiler$.apply(Compiler.scala:75)
    	at sbt.Compiler$.apply(Compiler.scala:66)
    	at sbt.Defaults$.sbt$Defaults$$compileTaskImpl(Defaults.scala:770)
    	at sbt.Defaults$$anonfun$compileTask$1.apply(Defaults.scala:762)
    	at sbt.Defaults$$anonfun$compileTask$1.apply(Defaults.scala:762)
    	at scala.Function1$$anonfun$compose$1.apply(Function1.scala:47)
    	at sbt.$tilde$greater$$anonfun$$u2219$1.apply(TypeFunctions.scala:42)
    	at sbt.std.Transform$$anon$4.work(System.scala:64)
    	at sbt.Execute$$anonfun$submit$1$$anonfun$apply$1.apply(Execute.scala:237)
    	at sbt.Execute$$anonfun$submit$1$$anonfun$apply$1.apply(Execute.scala:237)
    	at sbt.ErrorHandling$.wideConvert(ErrorHandling.scala:18)
    	at sbt.Execute.work(Execute.scala:244)
    	at sbt.Execute$$anonfun$submit$1.apply(Execute.scala:237)
    	at sbt.Execute$$anonfun$submit$1.apply(Execute.scala:237)
    	at sbt.ConcurrentRestrictions$$anon$4$$anonfun$1.apply(ConcurrentRestrictions.scala:160)
    	at sbt.CompletionService$$anon$2.call(CompletionService.scala:30)
    	at java.util.concurrent.FutureTask.run(FutureTask.java:266)
    	at java.util.concurrent.Executors$RunnableAdapter.call(Executors.java:511)
    	at java.util.concurrent.FutureTask.run(FutureTask.java:266)
    	at java.util.concurrent.ThreadPoolExecutor.runWorker(ThreadPoolExecutor.java:1142)
    	at java.util.concurrent.ThreadPoolExecutor$Worker.run(ThreadPoolExecutor.java:617)
    	at java.lang.Thread.run(Thread.java:745)
    [error] (compile:compile) java.lang.AssertionError: assertion failed: mkAttributedQualifier(_1.type, <none>)
```

I've isolated a test case that allow to reproduce this issue: https://github.com/cchantep/sbt-testcase-20150501 .

I'm working on Mac OS X (Yosemite) and the JVM information is the following.

```
# java -version
    java version "1.8.0_25"
    Java(TM) SE Runtime Environment (build 1.8.0_25-b17)
    Java HotSpot(TM) 64-Bit Server VM (build 25.25-b02, mixed mode)
```

I get the same issue on several similar dev env.