Scala 2.11.0 final, and 2.11.1-SNAPSHOT(2.11.1-20140517.021554-25)

https://github.com/xuwei-k/argonaut/commit/100f175cfce817753cb5622a68c2b1ae01fad11c
https://travis-ci.org/xuwei-k/argonaut/builds/25397753

```scala
git clone https://github.com/xuwei-k/argonaut.git
cd argonaut
git checkout maybe-scalac-bug
sbt compile
```

```scala
java.lang.AssertionError: assertion failed: Record Record(<$anon: Function1>,Map()) does not contain a field value stream$2
	at scala.tools.nsc.backend.icode.analysis.CopyPropagation$copyLattice$State.getFieldNonRecordValue(CopyPropagation.scala:106)
	at scala.tools.nsc.backend.icode.analysis.CopyPropagation$copyLattice$State.getFieldNonRecordValue(CopyPropagation.scala:115)
	at scala.tools.nsc.backend.opt.ClosureElimination$ClosureElim$$anonfun$analyzeMethod$1$$anonfun$apply$2.replaceFieldAccess$1(ClosureElimination.scala:127)
	at scala.tools.nsc.backend.opt.ClosureElimination$ClosureElim$$anonfun$analyzeMethod$1$$anonfun$apply$2.apply(ClosureElimination.scala:140)
	at scala.tools.nsc.backend.opt.ClosureElimination$ClosureElim$$anonfun$analyzeMethod$1$$anonfun$apply$2.apply(ClosureElimination.scala:109)
	at scala.collection.IndexedSeqOptimized$class.foreach(IndexedSeqOptimized.scala:33)
	at scala.collection.mutable.ArrayOps$ofRef.foreach(ArrayOps.scala:186)
	at scala.tools.nsc.backend.icode.BasicBlocks$BasicBlock.foreach(BasicBlocks.scala:195)
	at scala.tools.nsc.backend.opt.ClosureElimination$ClosureElim.analyzeMethod(ClosureElimination.scala:105)
	at scala.tools.nsc.backend.opt.ClosureElimination$ClosureElim.analyzeClass(ClosureElimination.scala:91)
	at scala.tools.nsc.backend.opt.ClosureElimination$ClosureEliminationPhase.apply(ClosureElimination.scala:78)
	at scala.tools.nsc.backend.icode.ICodes$ICodePhase$$anonfun$apply$2.apply(ICodes.scala:123)
	at scala.tools.nsc.backend.icode.ICodes$ICodePhase$$anonfun$apply$2.apply(ICodes.scala:123)
	at scala.collection.mutable.LinkedHashSet.foreach(LinkedHashSet.scala:91)
	at scala.tools.nsc.backend.icode.ICodes$ICodePhase.apply(ICodes.scala:123)
	at scala.tools.nsc.Global$GlobalPhase.applyPhase(Global.scala:430)
	at scala.tools.nsc.Global$GlobalPhase$$anonfun$run$1.apply(Global.scala:397)
	at scala.tools.nsc.Global$GlobalPhase$$anonfun$run$1.apply(Global.scala:397)
	at scala.collection.Iterator$class.foreach(Iterator.scala:743)
	at scala.collection.AbstractIterator.foreach(Iterator.scala:1174)
	at scala.tools.nsc.Global$GlobalPhase.run(Global.scala:397)
	at scala.tools.nsc.Global$Run.compileUnitsInternal(Global.scala:1625)
	at scala.tools.nsc.Global$Run.compileUnits(Global.scala:1610)
	at scala.tools.nsc.Global$Run.compileSources(Global.scala:1605)
	at scala.tools.nsc.Global$Run.compile(Global.scala:1703)
	at xsbt.CachedCompiler0.run(CompilerInterface.scala:123)
	at xsbt.CachedCompiler0.run(CompilerInterface.scala:99)
	at xsbt.CompilerInterface.run(CompilerInterface.scala:27)
	at sun.reflect.NativeMethodAccessorImpl.invoke0(Native Method)
	at sun.reflect.NativeMethodAccessorImpl.invoke(NativeMethodAccessorImpl.java:57)
	at sun.reflect.DelegatingMethodAccessorImpl.invoke(DelegatingMethodAccessorImpl.java:43)
	at java.lang.reflect.Method.invoke(Method.java:606)
	at sbt.compiler.AnalyzingCompiler.call(AnalyzingCompiler.scala:102)
	at sbt.compiler.AnalyzingCompiler.compile(AnalyzingCompiler.scala:48)
	at sbt.compiler.AnalyzingCompiler.compile(AnalyzingCompiler.scala:41)
	at sbt.compiler.AggressiveCompile$$anonfun$3$$anonfun$compileScala$1$1.apply$mcV$sp(AggressiveCompile.scala:98)
	at sbt.compiler.AggressiveCompile$$anonfun$3$$anonfun$compileScala$1$1.apply(AggressiveCompile.scala:98)
	at sbt.compiler.AggressiveCompile$$anonfun$3$$anonfun$compileScala$1$1.apply(AggressiveCompile.scala:98)
	at sbt.compiler.AggressiveCompile.sbt$compiler$AggressiveCompile$$timed(AggressiveCompile.scala:159)
	at sbt.compiler.AggressiveCompile$$anonfun$3.compileScala$1(AggressiveCompile.scala:97)
	at sbt.compiler.AggressiveCompile$$anonfun$3.apply(AggressiveCompile.scala:142)
	at sbt.compiler.AggressiveCompile$$anonfun$3.apply(AggressiveCompile.scala:86)
	at sbt.inc.IncrementalCompile$$anonfun$doCompile$1.apply(Compile.scala:38)
	at sbt.inc.IncrementalCompile$$anonfun$doCompile$1.apply(Compile.scala:36)
	at sbt.inc.Incremental$.cycle(Incremental.scala:73)
	at sbt.inc.Incremental$$anonfun$1.apply(Incremental.scala:33)
	at sbt.inc.Incremental$$anonfun$1.apply(Incremental.scala:32)
	at sbt.inc.Incremental$.manageClassfiles(Incremental.scala:41)
	at sbt.inc.Incremental$.compile(Incremental.scala:32)
	at sbt.inc.IncrementalCompile$.apply(Compile.scala:26)
	at sbt.compiler.AggressiveCompile.compile2(AggressiveCompile.scala:150)
	at sbt.compiler.AggressiveCompile.compile1(AggressiveCompile.scala:70)
	at sbt.compiler.AggressiveCompile.apply(AggressiveCompile.scala:45)
	at sbt.Compiler$.apply(Compiler.scala:70)
	at sbt.Defaults$.sbt$Defaults$$compileTaskImpl(Defaults.scala:736)
	at sbt.Defaults$$anonfun$compileTask$1.apply(Defaults.scala:730)
	at sbt.Defaults$$anonfun$compileTask$1.apply(Defaults.scala:730)
	at scala.Function1$$anonfun$compose$1.apply(Function1.scala:47)
	at sbt.$tilde$greater$$anonfun$$u2219$1.apply(TypeFunctions.scala:42)
	at sbt.std.Transform$$anon$4.work(System.scala:64)
	at sbt.Execute$$anonfun$submit$1$$anonfun$apply$1.apply(Execute.scala:237)
	at sbt.Execute$$anonfun$submit$1$$anonfun$apply$1.apply(Execute.scala:237)
	at sbt.ErrorHandling$.wideConvert(ErrorHandling.scala:18)
	at sbt.Execute.work(Execute.scala:244)
	at sbt.Execute$$anonfun$submit$1.apply(Execute.scala:237)
	at sbt.Execute$$anonfun$submit$1.apply(Execute.scala:237)
	at sbt.ConcurrentRestrictions$$anon$4$$anonfun$1.apply(ConcurrentRestrictions.scala:160)
	at sbt.CompletionService$$anon$2.call(CompletionService.scala:30)
	at java.util.concurrent.FutureTask.run(FutureTask.java:262)
	at java.util.concurrent.Executors$RunnableAdapter.call(Executors.java:471)
	at java.util.concurrent.FutureTask.run(FutureTask.java:262)
	at java.util.concurrent.ThreadPoolExecutor.runWorker(ThreadPoolExecutor.java:1145)
	at java.util.concurrent.ThreadPoolExecutor$Worker.run(ThreadPoolExecutor.java:615)
	at java.lang.Thread.run(Thread.java:745)
[error] (argonaut/compile:compile) java.lang.AssertionError: assertion failed: Record Record(<$anon: Function1>,Map()) does not contain a field value stream$2
```